Build started 2/9/2014 9:54:08 PM.
     1>Project "C:\Users\Lindsey\Documents\Visual Studio 2012\Projects\hierarchy\SimpleGLUT.vcxproj" on node 2 (Build target(s)).
     1>ClCompile:
         C:\Program Files (x86)\Microsoft Visual Studio 11.0\VC\bin\CL.exe /c /IE:\Eigen\ /ZI /nologo /W3 /WX- /Od /Oy- /D WIN32 /D _DEBUG /D _CONSOLE /D _VC80_UPGRADE=0x0600 /D _MBCS /Gm /EHsc /RTC1 /MTd /GS /fp:precise /Zc:wchar_t /Zc:forScope /Fo".\Debug/" /Fd".\Debug/vc110.pdb" /Gd /TP /analyze- /errorReport:prompt SimpleGlut.cpp
         SimpleGlut.cpp
     1>c:\users\lindsey\documents\visual studio 2012\projects\hierarchy\keyframe.h(29): error C2719: 'orient': formal parameter with __declspec(align('16')) won't be aligned
     1>c:\users\lindsey\documents\visual studio 2012\projects\hierarchy\keyframe.h(50): error C2146: syntax error : missing ';' before identifier 'getPosX'
     1>c:\users\lindsey\documents\visual studio 2012\projects\hierarchy\keyframe.h(50): error C4430: missing type specifier - int assumed. Note: C++ does not support default-int
     1>c:\users\lindsey\documents\visual studio 2012\projects\hierarchy\keyframe.h(52): warning C4183: 'getPosX': missing return type; assumed to be a member function returning 'int'
     1>c:\users\lindsey\documents\visual studio 2012\projects\hierarchy\keyframe.h(54): error C2146: syntax error : missing ';' before identifier 'getPosY'
     1>c:\users\lindsey\documents\visual studio 2012\projects\hierarchy\keyframe.h(54): error C4430: missing type specifier - int assumed. Note: C++ does not support default-int
     1>c:\users\lindsey\documents\visual studio 2012\projects\hierarchy\keyframe.h(56): warning C4183: 'getPosY': missing return type; assumed to be a member function returning 'int'
     1>c:\users\lindsey\documents\visual studio 2012\projects\hierarchy\keyframe.h(58): error C2146: syntax error : missing ';' before identifier 'getPosZ'
     1>c:\users\lindsey\documents\visual studio 2012\projects\hierarchy\keyframe.h(58): error C4430: missing type specifier - int assumed. Note: C++ does not support default-int
     1>c:\users\lindsey\documents\visual studio 2012\projects\hierarchy\keyframe.h(60): warning C4183: 'getPosZ': missing return type; assumed to be a member function returning 'int'
     1>c:\users\lindsey\documents\visual studio 2012\projects\hierarchy\keyframe.h(62): error C2146: syntax error : missing ';' before identifier 'getOrientX'
     1>c:\users\lindsey\documents\visual studio 2012\projects\hierarchy\keyframe.h(62): error C4430: missing type specifier - int assumed. Note: C++ does not support default-int
     1>c:\users\lindsey\documents\visual studio 2012\projects\hierarchy\keyframe.h(64): warning C4183: 'getOrientX': missing return type; assumed to be a member function returning 'int'
     1>c:\users\lindsey\documents\visual studio 2012\projects\hierarchy\keyframe.h(66): error C2146: syntax error : missing ';' before identifier 'getOrientY'
     1>c:\users\lindsey\documents\visual studio 2012\projects\hierarchy\keyframe.h(66): error C4430: missing type specifier - int assumed. Note: C++ does not support default-int
     1>c:\users\lindsey\documents\visual studio 2012\projects\hierarchy\keyframe.h(68): warning C4183: 'getOrientY': missing return type; assumed to be a member function returning 'int'
     1>c:\users\lindsey\documents\visual studio 2012\projects\hierarchy\keyframe.h(70): error C2146: syntax error : missing ';' before identifier 'getOrientZ'
     1>c:\users\lindsey\documents\visual studio 2012\projects\hierarchy\keyframe.h(70): error C4430: missing type specifier - int assumed. Note: C++ does not support default-int
     1>c:\users\lindsey\documents\visual studio 2012\projects\hierarchy\keyframe.h(72): warning C4183: 'getOrientZ': missing return type; assumed to be a member function returning 'int'
     1>c:\users\lindsey\documents\visual studio 2012\projects\hierarchy\keyframe.h(74): error C2146: syntax error : missing ';' before identifier 'getOrientW'
     1>c:\users\lindsey\documents\visual studio 2012\projects\hierarchy\keyframe.h(74): error C4430: missing type specifier - int assumed. Note: C++ does not support default-int
     1>c:\users\lindsey\documents\visual studio 2012\projects\hierarchy\keyframe.h(76): warning C4183: 'getOrientW': missing return type; assumed to be a member function returning 'int'
     1>c:\users\lindsey\documents\visual studio 2012\projects\hierarchy\keyframe.h(86): error C2061: syntax error : identifier 'GLfloat'
     1>c:\users\lindsey\documents\visual studio 2012\projects\hierarchy\keyframe.h(16): error C2276: '&' : illegal operation on bound member function expression
     1>c:\users\lindsey\documents\visual studio 2012\projects\hierarchy\keyframe.h(20): error C2276: '&' : illegal operation on bound member function expression
     1>c:\users\lindsey\documents\visual studio 2012\projects\hierarchy\keyframe.h(51): error C3867: 'Eigen::DenseBase<Derived>::x': function call missing argument list; use '&Eigen::DenseBase<Derived>::x' to create a pointer to member
                 with
                 [
                     Derived=Eigen::Matrix<float,3,1>
                 ]
     1>c:\users\lindsey\documents\visual studio 2012\projects\hierarchy\keyframe.h(51): error C2298: 'return' : illegal operation on pointer to member function expression
     1>c:\users\lindsey\documents\visual studio 2012\projects\hierarchy\keyframe.h(55): error C3867: 'Eigen::DenseBase<Derived>::y': function call missing argument list; use '&Eigen::DenseBase<Derived>::y' to create a pointer to member
                 with
                 [
                     Derived=Eigen::Matrix<float,3,1>
                 ]
     1>c:\users\lindsey\documents\visual studio 2012\projects\hierarchy\keyframe.h(55): error C2298: 'return' : illegal operation on pointer to member function expression
     1>c:\users\lindsey\documents\visual studio 2012\projects\hierarchy\keyframe.h(59): error C3867: 'Eigen::DenseBase<Derived>::z': function call missing argument list; use '&Eigen::DenseBase<Derived>::z' to create a pointer to member
                 with
                 [
                     Derived=Eigen::Matrix<float,3,1>
                 ]
     1>c:\users\lindsey\documents\visual studio 2012\projects\hierarchy\keyframe.h(59): error C2298: 'return' : illegal operation on pointer to member function expression
     1>c:\users\lindsey\documents\visual studio 2012\projects\hierarchy\keyframe.h(63): error C2065: 'GLfloat' : undeclared identifier
     1>c:\users\lindsey\documents\visual studio 2012\projects\hierarchy\keyframe.h(63): error C2143: syntax error : missing ';' before 'this'
     1>c:\users\lindsey\documents\visual studio 2012\projects\hierarchy\keyframe.h(67): error C2065: 'GLfloat' : undeclared identifier
     1>c:\users\lindsey\documents\visual studio 2012\projects\hierarchy\keyframe.h(67): error C2143: syntax error : missing ';' before 'this'
     1>c:\users\lindsey\documents\visual studio 2012\projects\hierarchy\keyframe.h(71): error C2065: 'GLfloat' : undeclared identifier
     1>c:\users\lindsey\documents\visual studio 2012\projects\hierarchy\keyframe.h(71): error C2143: syntax error : missing ';' before 'this'
     1>c:\users\lindsey\documents\visual studio 2012\projects\hierarchy\keyframe.h(75): error C2065: 'GLfloat' : undeclared identifier
     1>c:\users\lindsey\documents\visual studio 2012\projects\hierarchy\keyframe.h(75): error C2143: syntax error : missing ';' before 'this'
     1>c:\users\lindsey\documents\visual studio 2012\projects\hierarchy\keyframe.h(87): error C2065: 'xin' : undeclared identifier
     1>c:\users\lindsey\documents\visual studio 2012\projects\hierarchy\keyframe.h(88): error C2065: 'yin' : undeclared identifier
     1>c:\users\lindsey\documents\visual studio 2012\projects\hierarchy\keyframe.h(89): error C2065: 'zin' : undeclared identifier
     1>c:\users\lindsey\documents\visual studio 2012\projects\hierarchy\keyframe.h(96): error C3867: 'Eigen::DenseBase<Derived>::x': function call missing argument list; use '&Eigen::DenseBase<Derived>::x' to create a pointer to member
                 with
                 [
                     Derived=Eigen::Matrix<float,3,1>
                 ]
     1>c:\users\lindsey\documents\visual studio 2012\projects\hierarchy\keyframe.h(100): error C3867: 'Eigen::DenseBase<Derived>::y': function call missing argument list; use '&Eigen::DenseBase<Derived>::y' to create a pointer to member
                 with
                 [
                     Derived=Eigen::Matrix<float,3,1>
                 ]
     1>c:\users\lindsey\documents\visual studio 2012\projects\hierarchy\keyframe.h(104): error C3867: 'Eigen::DenseBase<Derived>::z': function call missing argument list; use '&Eigen::DenseBase<Derived>::z' to create a pointer to member
                 with
                 [
                     Derived=Eigen::Matrix<float,3,1>
                 ]
     1>c:\users\lindsey\documents\visual studio 2012\projects\hierarchy\keyframe.h(113): error C2659: '=' : function as left operand
     1>c:\users\lindsey\documents\visual studio 2012\projects\hierarchy\keyframe.h(114): error C2659: '=' : function as left operand
     1>c:\users\lindsey\documents\visual studio 2012\projects\hierarchy\keyframe.h(115): error C2659: '=' : function as left operand
     1>c:\users\lindsey\documents\visual studio 2012\projects\hierarchy\keyframe.h(116): error C2659: '=' : function as left operand
     1>c:\users\lindsey\documents\visual studio 2012\projects\hierarchy\keyframe.h(118): error C2440: 'return' : cannot convert from 'void' to 'Eigen::Quaternionf &'
                 Expressions of type void cannot be converted to other types
     1>c:\users\lindsey\documents\visual studio 2012\projects\hierarchy\keyframe.h(125): warning C4244: '=' : conversion from 'double' to 'float', possible loss of data
     1>c:\users\lindsey\documents\visual studio 2012\projects\hierarchy\keyframe.h(129): warning C4244: '=' : conversion from 'double' to 'float', possible loss of data
     1>c:\users\lindsey\documents\visual studio 2012\projects\hierarchy\keyframe.h(133): warning C4244: '=' : conversion from 'double' to 'float', possible loss of data
     1>c:\users\lindsey\documents\visual studio 2012\projects\hierarchy\keyframe.h(142): error C2659: '=' : function as left operand
     1>c:\users\lindsey\documents\visual studio 2012\projects\hierarchy\keyframe.h(143): error C2659: '=' : function as left operand
     1>c:\users\lindsey\documents\visual studio 2012\projects\hierarchy\keyframe.h(144): error C2659: '=' : function as left operand
     1>c:\users\lindsey\documents\visual studio 2012\projects\hierarchy\keyframe.h(145): error C2659: '=' : function as left operand
     1>c:\users\lindsey\documents\visual studio 2012\projects\hierarchy\keyframe.h(147): error C2440: 'return' : cannot convert from 'void' to 'Eigen::Quaternionf &'
                 Expressions of type void cannot be converted to other types
     1>c:\users\lindsey\documents\visual studio 2012\projects\hierarchy\keyframe.h(151): error C3867: 'Eigen::DenseBase<Derived>::x': function call missing argument list; use '&Eigen::DenseBase<Derived>::x' to create a pointer to member
                 with
                 [
                     Derived=Eigen::Matrix<float,3,1>
                 ]
     1>c:\users\lindsey\documents\visual studio 2012\projects\hierarchy\keyframe.h(151): error C3867: 'Eigen::DenseBase<Derived>::y': function call missing argument list; use '&Eigen::DenseBase<Derived>::y' to create a pointer to member
                 with
                 [
                     Derived=Eigen::Matrix<float,3,1>
                 ]
     1>c:\users\lindsey\documents\visual studio 2012\projects\hierarchy\keyframe.h(151): error C3867: 'Eigen::DenseBase<Derived>::z': function call missing argument list; use '&Eigen::DenseBase<Derived>::z' to create a pointer to member
                 with
                 [
                     Derived=Eigen::Matrix<float,3,1>
                 ]
     1>c:\users\lindsey\documents\visual studio 2012\projects\hierarchy\keyframe.h(151): error C2039: 'X' : is not a member of 'Eigen::Quaternion<_Scalar>'
                 with
                 [
                     _Scalar=float
                 ]
     1>c:\users\lindsey\documents\visual studio 2012\projects\hierarchy\keyframe.h(151): error C2039: 'Y' : is not a member of 'Eigen::Quaternion<_Scalar>'
                 with
                 [
                     _Scalar=float
                 ]
     1>c:\users\lindsey\documents\visual studio 2012\projects\hierarchy\keyframe.h(151): error C2039: 'Z' : is not a member of 'Eigen::Quaternion<_Scalar>'
                 with
                 [
                     _Scalar=float
                 ]
     1>c:\users\lindsey\documents\visual studio 2012\projects\hierarchy\keyframe.h(151): error C2039: 'W' : is not a member of 'Eigen::Quaternion<_Scalar>'
                 with
                 [
                     _Scalar=float
                 ]
     1>c:\users\lindsey\documents\visual studio 2012\projects\hierarchy\modelview.h(23): error C2065: 'vertex3' : undeclared identifier
     1>c:\users\lindsey\documents\visual studio 2012\projects\hierarchy\modelview.h(23): error C2923: 'std::vector' : 'vertex3' is not a valid template type argument for parameter '_Ty'
     1>c:\users\lindsey\documents\visual studio 2012\projects\hierarchy\modelview.h(25): error C2065: 'vertex3' : undeclared identifier
     1>c:\users\lindsey\documents\visual studio 2012\projects\hierarchy\modelview.h(25): error C2923: 'std::vector' : 'vertex3' is not a valid template type argument for parameter '_Ty'
     1>c:\users\lindsey\documents\visual studio 2012\projects\hierarchy\modelview.h(44): error C2146: syntax error : missing ';' before identifier 'calcTriangleNorm'
     1>c:\users\lindsey\documents\visual studio 2012\projects\hierarchy\modelview.h(44): error C4430: missing type specifier - int assumed. Note: C++ does not support default-int
     1>c:\users\lindsey\documents\visual studio 2012\projects\hierarchy\modelview.h(44): error C2061: syntax error : identifier 'vertex3'
     1>c:\users\lindsey\documents\visual studio 2012\projects\hierarchy\modelview.h(45): error C4430: missing type specifier - int assumed. Note: C++ does not support default-int
     1>c:\users\lindsey\documents\visual studio 2012\projects\hierarchy\modelview.h(53): warning C4183: 'calcTriangleNorm': missing return type; assumed to be a member function returning 'int'
     1>c:\users\lindsey\documents\visual studio 2012\projects\hierarchy\modelview.h(46): error C2065: 'vertex3' : undeclared identifier
     1>c:\users\lindsey\documents\visual studio 2012\projects\hierarchy\modelview.h(46): error C2146: syntax error : missing ';' before identifier 'edge1'
     1>c:\users\lindsey\documents\visual studio 2012\projects\hierarchy\modelview.h(46): error C2065: 'edge1' : undeclared identifier
     1>c:\users\lindsey\documents\visual studio 2012\projects\hierarchy\modelview.h(46): error C2065: 'vec1' : undeclared identifier
     1>c:\users\lindsey\documents\visual studio 2012\projects\hierarchy\modelview.h(46): error C2065: 'vec0' : undeclared identifier
     1>c:\users\lindsey\documents\visual studio 2012\projects\hierarchy\modelview.h(47): error C2065: 'edge1' : undeclared identifier
     1>c:\users\lindsey\documents\visual studio 2012\projects\hierarchy\modelview.h(47): error C2228: left of '.normalize' must have class/struct/union
                 type is ''unknown-type''
     1>c:\users\lindsey\documents\visual studio 2012\projects\hierarchy\modelview.h(48): error C2065: 'vertex3' : undeclared identifier
     1>c:\users\lindsey\documents\visual studio 2012\projects\hierarchy\modelview.h(48): error C2146: syntax error : missing ';' before identifier 'edge2'
     1>c:\users\lindsey\documents\visual studio 2012\projects\hierarchy\modelview.h(48): error C2065: 'edge2' : undeclared identifier
     1>c:\users\lindsey\documents\visual studio 2012\projects\hierarchy\modelview.h(48): error C2065: 'vec2' : undeclared identifier
     1>c:\users\lindsey\documents\visual studio 2012\projects\hierarchy\modelview.h(48): error C2065: 'vec0' : undeclared identifier
     1>c:\users\lindsey\documents\visual studio 2012\projects\hierarchy\modelview.h(49): error C2065: 'edge2' : undeclared identifier
     1>c:\users\lindsey\documents\visual studio 2012\projects\hierarchy\modelview.h(49): error C2228: left of '.normalize' must have class/struct/union
                 type is ''unknown-type''
     1>c:\users\lindsey\documents\visual studio 2012\projects\hierarchy\modelview.h(50): error C2065: 'vertex3' : undeclared identifier
     1>c:\users\lindsey\documents\visual studio 2012\projects\hierarchy\modelview.h(50): error C2146: syntax error : missing ';' before identifier 'normal'
     1>c:\users\lindsey\documents\visual studio 2012\projects\hierarchy\modelview.h(50): error C2065: 'normal' : undeclared identifier
     1>c:\users\lindsey\documents\visual studio 2012\projects\hierarchy\modelview.h(50): error C2065: 'edge1' : undeclared identifier
     1>c:\users\lindsey\documents\visual studio 2012\projects\hierarchy\modelview.h(50): error C2228: left of '.crossProduct' must have class/struct/union
                 type is ''unknown-type''
     1>c:\users\lindsey\documents\visual studio 2012\projects\hierarchy\modelview.h(50): error C2065: 'edge2' : undeclared identifier
     1>c:\users\lindsey\documents\visual studio 2012\projects\hierarchy\modelview.h(51): error C2065: 'normal' : undeclared identifier
     1>c:\users\lindsey\documents\visual studio 2012\projects\hierarchy\modelview.h(51): error C2228: left of '.normalize' must have class/struct/union
                 type is ''unknown-type''
     1>c:\users\lindsey\documents\visual studio 2012\projects\hierarchy\modelview.h(52): error C2065: 'normal' : undeclared identifier
     1>c:\users\lindsey\documents\visual studio 2012\projects\hierarchy\modelview.h(57): warning C4018: '<' : signed/unsigned mismatch
     1>c:\users\lindsey\documents\visual studio 2012\projects\hierarchy\modelview.h(58): error C2228: left of '.zero' must have class/struct/union
                 type is 'int'
     1>c:\users\lindsey\documents\visual studio 2012\projects\hierarchy\modelview.h(61): warning C4018: '<' : signed/unsigned mismatch
     1>c:\users\lindsey\documents\visual studio 2012\projects\hierarchy\modelview.h(67): error C2065: 'vertex3' : undeclared identifier
     1>c:\users\lindsey\documents\visual studio 2012\projects\hierarchy\modelview.h(67): error C2146: syntax error : missing ';' before identifier 'normal'
     1>c:\users\lindsey\documents\visual studio 2012\projects\hierarchy\modelview.h(67): error C2065: 'normal' : undeclared identifier
     1>c:\users\lindsey\documents\visual studio 2012\projects\hierarchy\modelview.h(67): error C2660: 'ModelView::calcTriangleNorm' : function does not take 3 arguments
     1>c:\users\lindsey\documents\visual studio 2012\projects\hierarchy\modelview.h(68): error C2065: 'normal' : undeclared identifier
     1>c:\users\lindsey\documents\visual studio 2012\projects\hierarchy\modelview.h(69): error C2065: 'normal' : undeclared identifier
     1>c:\users\lindsey\documents\visual studio 2012\projects\hierarchy\modelview.h(70): error C2065: 'normal' : undeclared identifier
     1>c:\users\lindsey\documents\visual studio 2012\projects\hierarchy\modelview.h(71): error C2065: 'normal' : undeclared identifier
     1>c:\users\lindsey\documents\visual studio 2012\projects\hierarchy\modelview.h(73): warning C4018: '<' : signed/unsigned mismatch
     1>c:\users\lindsey\documents\visual studio 2012\projects\hierarchy\modelview.h(74): error C2228: left of '.normalize' must have class/struct/union
                 type is 'int'
     1>c:\users\lindsey\documents\visual studio 2012\projects\hierarchy\modelview.h(107): error C2065: 'vertex3' : undeclared identifier
     1>c:\users\lindsey\documents\visual studio 2012\projects\hierarchy\modelview.h(107): error C2146: syntax error : missing ';' before identifier 'vertex'
     1>c:\users\lindsey\documents\visual studio 2012\projects\hierarchy\modelview.h(107): error C3861: 'vertex': identifier not found
     1>c:\users\lindsey\documents\visual studio 2012\projects\hierarchy\modelview.h(108): error C2065: 'vertex' : undeclared identifier
     1>c:\users\lindsey\documents\visual studio 2012\projects\hierarchy\modelview.h(165): warning C4018: '<' : signed/unsigned mismatch
     1>c:\users\lindsey\documents\visual studio 2012\projects\hierarchy\modelview.h(172): error C2228: left of '.getPointer' must have class/struct/union
                 type is 'int'
     1>c:\users\lindsey\documents\visual studio 2012\projects\hierarchy\modelview.h(173): error C2228: left of '.getPointer' must have class/struct/union
                 type is 'int'
     1>c:\users\lindsey\documents\visual studio 2012\projects\hierarchy\modelview.h(174): error C2228: left of '.getPointer' must have class/struct/union
                 type is 'int'
     1>c:\users\lindsey\documents\visual studio 2012\projects\hierarchy\modelview.h(175): error C2228: left of '.getPointer' must have class/struct/union
                 type is 'int'
     1>c:\users\lindsey\documents\visual studio 2012\projects\hierarchy\modelview.h(176): error C2228: left of '.getPointer' must have class/struct/union
                 type is 'int'
     1>c:\users\lindsey\documents\visual studio 2012\projects\hierarchy\modelview.h(177): error C2228: left of '.getPointer' must have class/struct/union
                 type is 'int'
     1>c:\users\lindsey\documents\visual studio 2012\projects\hierarchy\modelview.h(186): error C2228: left of '.getPointer' must have class/struct/union
                 type is 'int'
     1>c:\users\lindsey\documents\visual studio 2012\projects\hierarchy\modelview.h(188): error C2228: left of '.getPointer' must have class/struct/union
                 type is 'int'
     1>c:\users\lindsey\documents\visual studio 2012\projects\hierarchy\modelview.h(189): error C2228: left of '.getPointer' must have class/struct/union
                 type is 'int'
     1>c:\users\lindsey\documents\visual studio 2012\projects\hierarchy\modelview.h(191): error C2228: left of '.getPointer' must have class/struct/union
     1>c:\users\lindsey\documents\visual studio 2012\projects\hierarchy\modelview.h(191): fatal error C1003: error count exceeds 100; stopping compilation
     1>Done Building Project "C:\Users\Lindsey\Documents\Visual Studio 2012\Projects\hierarchy\SimpleGLUT.vcxproj" (Build target(s)) -- FAILED.

Build FAILED.

Time Elapsed 00:00:02.88
